已經開始建置於 2017/3/17 下午 07:52:36。
     1>節點 3 (Build 目標) 上的專案 "D:\SoftwareTesting\hw1\TriangleProblem\GoogleTest\GoogleTest.vcxproj"。
     1>ClCompile:
         C:\Program Files (x86)\Microsoft Visual Studio 12.0\VC\bin\CL.exe /c /Zi /nologo /W3 /WX- /sdl /O2 /Oi /Oy- /GL /D WIN32 /D NDEBUG /D _LIB /D _UNICODE /D UNICODE /Gm- /EHsc /MD /GS /Gy /fp:precise /Zc:wchar_t /Zc:forScope /Fo"Release\\" /Fd"Release\vc120.pdb" /Gd /TP /analyze- /errorReport:prompt "..\..\googletest\src\gtest-all.cc" ..\..\googletest\src\gtest_main.cc
         gtest-all.cc
     1>..\..\googletest\src\gtest-all.cc(39): fatal error C1083: 無法開啟包含檔案: 'gtest/gtest.h': No such file or directory
         gtest_main.cc
     1>..\..\googletest\src\gtest_main.cc(32): fatal error C1083: 無法開啟包含檔案: 'gtest/gtest.h': No such file or directory
     1>專案 "D:\SoftwareTesting\hw1\TriangleProblem\GoogleTest\GoogleTest.vcxproj" (Build 目標) 建置完成 -- 失敗。

建置失敗。

經過時間 00:00:01.20
